2021-04-14T06:15:27+00:00 CRITICAL Uncaught Error: Call to a member function get_formatted_shipping_address() on array in E:\host\htdocs\2021\04\sedge\sedge-cn\themes\sedge\woocommerce\checkout\thankyou.php:111
Stack trace:
#0 E:\host\htdocs\2021\04\sedge\sedge-cn\plugins\woocommerce\includes\wc-core-functions.php(345): include()
#1 E:\host\htdocs\2021\04\sedge\sedge-cn\plugins\woocommerce\includes\shortcodes\class-wc-shortcode-checkout.php(256): wc_get_template('checkout/thanky...', Array)
#2 E:\host\htdocs\2021\04\sedge\sedge-cn\plugins\woocommerce\includes\shortcodes\class-wc-shortcode-checkout.php(63): WC_Shortcode_Checkout::order_received(213)
#3 E:\host\htdocs\2021\04\sedge\sedge-cn\plugins\woocommerce\includes\class-wc-shortcodes.php(72): WC_Shortcode_Checkout::output('')
#4 E:\host\htdocs\2021\04\sedge\sedge-cn\plugins\woocommerce\includes\class-wc-shortcodes.php(95): WC_Shortcodes::shortcode_wrapper(Array, '')
#5 E:\host\htdocs\2021\04\sedge\wp-includes\shortcodes.php(343): WC_Shortcodes::checkout('', '', 'woocommerce_che...')
#6 [int in E:\host\htdocs\2021\04\sedge\sedge-cn\themes\sedge\woocommerce\checkout\thankyou.php on line 111

2021-04-14T06:39:14+00:00 CRITICAL syntax error, unexpected '.' in E:\host\htdocs\2021\04\sedge\sedge-cn\themes\sedge\woocommerce\checkout\thankyou.php on line 195

2021-04-14T06:39:48+00:00 CRITICAL syntax error, unexpected '.' in E:\host\htdocs\2021\04\sedge\sedge-cn\themes\sedge\woocommerce\checkout\thankyou.php on line 202

2021-04-14T06:45:57+00:00 CRITICAL Uncaught Error: Call to undefined method WC_Countries::countries() in E:\host\htdocs\2021\04\sedge\sedge-cn\themes\sedge\woocommerce\checkout\thankyou.php:206
Stack trace:
#0 E:\host\htdocs\2021\04\sedge\sedge-cn\plugins\woocommerce\includes\wc-core-functions.php(345): include()
#1 E:\host\htdocs\2021\04\sedge\sedge-cn\plugins\woocommerce\includes\shortcodes\class-wc-shortcode-checkout.php(256): wc_get_template('checkout/thanky...', Array)
#2 E:\host\htdocs\2021\04\sedge\sedge-cn\plugins\woocommerce\includes\shortcodes\class-wc-shortcode-checkout.php(63): WC_Shortcode_Checkout::order_received(213)
#3 E:\host\htdocs\2021\04\sedge\sedge-cn\plugins\woocommerce\includes\class-wc-shortcodes.php(72): WC_Shortcode_Checkout::output('')
#4 E:\host\htdocs\2021\04\sedge\sedge-cn\plugins\woocommerce\includes\class-wc-shortcodes.php(95): WC_Shortcodes::shortcode_wrapper(Array, '')
#5 E:\host\htdocs\2021\04\sedge\wp-includes\shortcodes.php(343): WC_Shortcodes::checkout('', '', 'woocommerce_che...')
#6 [internal function]:  in E:\host\htdocs\2021\04\sedge\sedge-cn\themes\sedge\woocommerce\checkout\thankyou.php on line 206

2021-04-14T06:46:13+00:00 CRITICAL Uncaught Error: Call to undefined method WooCommerce::countries() in E:\host\htdocs\2021\04\sedge\sedge-cn\themes\sedge\woocommerce\checkout\thankyou.php:206
Stack trace:
#0 E:\host\htdocs\2021\04\sedge\sedge-cn\plugins\woocommerce\includes\wc-core-functions.php(345): include()
#1 E:\host\htdocs\2021\04\sedge\sedge-cn\plugins\woocommerce\includes\shortcodes\class-wc-shortcode-checkout.php(256): wc_get_template('checkout/thanky...', Array)
#2 E:\host\htdocs\2021\04\sedge\sedge-cn\plugins\woocommerce\includes\shortcodes\class-wc-shortcode-checkout.php(63): WC_Shortcode_Checkout::order_received(213)
#3 E:\host\htdocs\2021\04\sedge\sedge-cn\plugins\woocommerce\includes\class-wc-shortcodes.php(72): WC_Shortcode_Checkout::output('')
#4 E:\host\htdocs\2021\04\sedge\sedge-cn\plugins\woocommerce\includes\class-wc-shortcodes.php(95): WC_Shortcodes::shortcode_wrapper(Array, '')
#5 E:\host\htdocs\2021\04\sedge\wp-includes\shortcodes.php(343): WC_Shortcodes::checkout('', '', 'woocommerce_che...')
#6 [internal function]: d in E:\host\htdocs\2021\04\sedge\sedge-cn\themes\sedge\woocommerce\checkout\thankyou.php on line 206

2021-04-14T06:46:57+00:00 CRITICAL Uncaught Error: Call to undefined method Automattic\WooCommerce\Admin\Overrides\Order::get_base_country() in E:\host\htdocs\2021\04\sedge\sedge-cn\themes\sedge\woocommerce\checkout\thankyou.php:206
Stack trace:
#0 E:\host\htdocs\2021\04\sedge\sedge-cn\plugins\woocommerce\includes\wc-core-functions.php(345): include()
#1 E:\host\htdocs\2021\04\sedge\sedge-cn\plugins\woocommerce\includes\shortcodes\class-wc-shortcode-checkout.php(256): wc_get_template('checkout/thanky...', Array)
#2 E:\host\htdocs\2021\04\sedge\sedge-cn\plugins\woocommerce\includes\shortcodes\class-wc-shortcode-checkout.php(63): WC_Shortcode_Checkout::order_received(213)
#3 E:\host\htdocs\2021\04\sedge\sedge-cn\plugins\woocommerce\includes\class-wc-shortcodes.php(72): WC_Shortcode_Checkout::output('')
#4 E:\host\htdocs\2021\04\sedge\sedge-cn\plugins\woocommerce\includes\class-wc-shortcodes.php(95): WC_Shortcodes::shortcode_wrapper(Array, '')
#5 E:\host\htdocs\2021\04\sedge\wp-includes\shortcodes.php(343): WC_Shortcodes::checkout('', '', 'woocom in E:\host\htdocs\2021\04\sedge\sedge-cn\themes\sedge\woocommerce\checkout\thankyou.php on line 206

2021-04-14T06:52:03+00:00 CRITICAL syntax error, unexpected 'var_dump' (T_STRING) in E:\host\htdocs\2021\04\sedge\sedge-cn\themes\sedge\woocommerce\checkout\thankyou.php on line 207

2021-04-14T08:24:29+00:00 CRITICAL Uncaught ArgumentCountError: Too few arguments to function WC_Abstract_Order::get_formatted_line_subtotal(), 0 passed in E:\host\htdocs\2021\04\sedge\sedge-cn\themes\sedge\woocommerce\checkout\thankyou.php on line 226 and at least 1 expected in E:\host\htdocs\2021\04\sedge\sedge-cn\plugins\woocommerce\includes\abstracts\abstract-wc-order.php:1883
Stack trace:
#0 E:\host\htdocs\2021\04\sedge\sedge-cn\themes\sedge\woocommerce\checkout\thankyou.php(226): WC_Abstract_Order->get_formatted_line_subtotal()
#1 E:\host\htdocs\2021\04\sedge\sedge-cn\plugins\woocommerce\includes\wc-core-functions.php(345): include('E:\\host\\htdocs\\...')
#2 E:\host\htdocs\2021\04\sedge\sedge-cn\plugins\woocommerce\includes\shortcodes\class-wc-shortcode-checkout.php(256): wc_get_template('checkout/thanky...', Array)
#3 E:\host\htdocs\2021\04\sedge\sedge-cn\plugins\woocommerce\includes\shortcodes\class-wc-shortcode-checkout.php(63): WC_Shortcode_Checkout::order_received(213)
#4 E:\host\htdocs\2021\04\sedge\sedge-cn\plugins\woocommerce\in in E:\host\htdocs\2021\04\sedge\sedge-cn\plugins\woocommerce\includes\abstracts\abstract-wc-order.php on line 1883

2021-04-14T08:45:20+00:00 CRITICAL syntax error, unexpected 'endforeach' (T_ENDFOREACH) in E:\host\htdocs\2021\04\sedge\sedge-cn\themes\sedge\woocommerce\checkout\thankyou.php on line 222

