2021-04-16T14:28:21+00:00 ERROR CCV Online Payments api request error
method: "get"
endpoint: "api\/v1\/method"
parameters: []
statusCode: 401
requestHeaders: {"Request-Line":"GET \/api\/v1\/method HTTP\/2","Host":"redirect.jforce.be","authorization":"Basic Og==","user-agent":"PHP-Curl-Class\/8.9.0 (+https:\/\/github.com\/php-curl-class\/php-curl-class) PHP\/7.2.28 curl\/7.67.0","accept":"*\/*"}
responseHeaders: {"Status-Line":"HTTP\/2 401 ","date":"Fri, 16 Apr 2021 14:28:21 GMT","content-type":"application\/json;charset=UTF-8","content-length":"126","set-cookie":"AWSALB=s6DIVYPwjaXp0u8MlBRga9ru8elSbDhNkwk0MFBwOj9IVIoI38KusfWOqjCP8Odmdp0c2ZTx5FnbW0hgETAhxROgSnQJtAh0pCAy3JRcNCF1f23z3IQMUnuU6Bbm; Expires=Fri, 23 Apr 2021 14:28:21 GMT; Path=\/,AWSALBCORS=s6DIVYPwjaXp0u8MlBRga9ru8elSbDhNkwk0MFBwOj9IVIoI38KusfWOqjCP8Odmdp0c2ZTx5FnbW0hgETAhxROgSnQJtAh0pCAy3JRcNCF1f23z3IQMUnuU6Bbm; Expires=Fri, 23 Apr 2021 14:28:21 GMT; Path=\/; SameSite=None; Secure","www-authenticate":"Basic realm=\"vpos-api\""}
response: "{\"type\":\"process_error\",\"message\":\"The request could not be processed\",\"reference\":\"acf735d2\",\"failureCode\":\"bad_credentials\"}"
2021-04-16T14:28:32+00:00 ERROR CCV Online Payments api request error
method: "get"
endpoint: "api\/v1\/method"
parameters: []
statusCode: 401
requestHeaders: {"Request-Line":"GET \/api\/v1\/method HTTP\/2","Host":"redirect.jforce.be","authorization":"Basic Og==","user-agent":"PHP-Curl-Class\/8.9.0 (+https:\/\/github.com\/php-curl-class\/php-curl-class) PHP\/7.2.28 curl\/7.67.0","accept":"*\/*"}
responseHeaders: {"Status-Line":"HTTP\/2 401 ","date":"Fri, 16 Apr 2021 14:28:33 GMT","content-type":"application\/json;charset=UTF-8","content-length":"126","set-cookie":"AWSALB=VSriD7H8pE1bLm+NlKlQjvHgmmcs7nZJTbV4oVgY5yLtq7ECjUjk4qfz5QWYzAwnqUflkdc8jgcVo0S8Nnbeb23EeAbK\/5PSySdoHi0bX8XtK6ZByZj1Y5Uw3hIA; Expires=Fri, 23 Apr 2021 14:28:33 GMT; Path=\/,AWSALBCORS=VSriD7H8pE1bLm+NlKlQjvHgmmcs7nZJTbV4oVgY5yLtq7ECjUjk4qfz5QWYzAwnqUflkdc8jgcVo0S8Nnbeb23EeAbK\/5PSySdoHi0bX8XtK6ZByZj1Y5Uw3hIA; Expires=Fri, 23 Apr 2021 14:28:33 GMT; Path=\/; SameSite=None; Secure","www-authenticate":"Basic realm=\"vpos-api\""}
response: "{\"type\":\"process_error\",\"message\":\"The request could not be processed\",\"reference\":\"00ada037\",\"failureCode\":\"bad_credentials\"}"
2021-04-16T14:28:33+00:00 ERROR CCV Online Payments api request error
method: "get"
endpoint: "api\/v1\/method"
parameters: []
statusCode: 401
requestHeaders: {"Request-Line":"GET \/api\/v1\/method HTTP\/2","Host":"redirect.jforce.be","authorization":"Basic Og==","user-agent":"PHP-Curl-Class\/8.9.0 (+https:\/\/github.com\/php-curl-class\/php-curl-class) PHP\/7.2.28 curl\/7.67.0","accept":"*\/*"}
responseHeaders: {"Status-Line":"HTTP\/2 401 ","date":"Fri, 16 Apr 2021 14:28:33 GMT","content-type":"application\/json;charset=UTF-8","content-length":"126","set-cookie":"AWSALB=tx8RnJ1BooP+yCbJuoZktPbZcQ2snRw1YIacr0wvxwIhncwSfWpQPGV49zoI1FqTkYpkcLwqOL00CeZHhZftJB013UAGR6OhrGSvHMircQQLjprVmQQCOhVWdrkP; Expires=Fri, 23 Apr 2021 14:28:33 GMT; Path=\/,AWSALBCORS=tx8RnJ1BooP+yCbJuoZktPbZcQ2snRw1YIacr0wvxwIhncwSfWpQPGV49zoI1FqTkYpkcLwqOL00CeZHhZftJB013UAGR6OhrGSvHMircQQLjprVmQQCOhVWdrkP; Expires=Fri, 23 Apr 2021 14:28:33 GMT; Path=\/; SameSite=None; Secure","www-authenticate":"Basic realm=\"vpos-api\""}
response: "{\"type\":\"process_error\",\"message\":\"The request could not be processed\",\"reference\":\"12cdb590\",\"failureCode\":\"bad_credentials\"}"
2021-04-16T14:28:34+00:00 ERROR CCV Online Payments api request error
method: "get"
endpoint: "api\/v1\/method"
parameters: []
statusCode: 401
requestHeaders: {"Request-Line":"GET \/api\/v1\/method HTTP\/2","Host":"redirect.jforce.be","authorization":"Basic Og==","user-agent":"PHP-Curl-Class\/8.9.0 (+https:\/\/github.com\/php-curl-class\/php-curl-class) PHP\/7.2.28 curl\/7.67.0","accept":"*\/*"}
responseHeaders: {"Status-Line":"HTTP\/2 401 ","date":"Fri, 16 Apr 2021 14:28:34 GMT","content-type":"application\/json;charset=UTF-8","content-length":"126","set-cookie":"AWSALB=HGivj2FpcHOjxRvaUqPlq9VGnCot6tX5st4yuBTQUP\/ogxYkJjMjMGNgAGomt\/GwoUAQUdskVggv800cDDqZeLy\/FonX08xLlmBOyE9eFIjW9ZI6BRUNAo64KeX4; Expires=Fri, 23 Apr 2021 14:28:34 GMT; Path=\/,AWSALBCORS=HGivj2FpcHOjxRvaUqPlq9VGnCot6tX5st4yuBTQUP\/ogxYkJjMjMGNgAGomt\/GwoUAQUdskVggv800cDDqZeLy\/FonX08xLlmBOyE9eFIjW9ZI6BRUNAo64KeX4; Expires=Fri, 23 Apr 2021 14:28:34 GMT; Path=\/; SameSite=None; Secure","www-authenticate":"Basic realm=\"vpos-api\""}
response: "{\"type\":\"process_error\",\"message\":\"The request could not be processed\",\"reference\":\"2e9e39ab\",\"failureCode\":\"bad_credentials\"}"
2021-04-16T14:30:31+00:00 ERROR CCV Online Payments api request error
method: "get"
endpoint: "api\/v1\/method"
parameters: []
statusCode: 401
requestHeaders: {"Request-Line":"GET \/api\/v1\/method HTTP\/2","Host":"redirect.jforce.be","authorization":"Basic Og==","user-agent":"PHP-Curl-Class\/8.9.0 (+https:\/\/github.com\/php-curl-class\/php-curl-class) PHP\/7.2.28 curl\/7.67.0","accept":"*\/*"}
responseHeaders: {"Status-Line":"HTTP\/2 401 ","date":"Fri, 16 Apr 2021 14:30:29 GMT","content-type":"application\/json;charset=UTF-8","content-length":"126","set-cookie":"AWSALB=2srgfSFUoLv\/5o3Xzlo4JUXGX3FpCOimsxt8n\/O+D1UMJtwDjBrad4K7fYh6QGcGDJQEoUHNDS2VyqgVZtN5vHzML50SnjV+xUcbQoP19jzt6wmRqlUJchhEd3ux; Expires=Fri, 23 Apr 2021 14:30:29 GMT; Path=\/,AWSALBCORS=2srgfSFUoLv\/5o3Xzlo4JUXGX3FpCOimsxt8n\/O+D1UMJtwDjBrad4K7fYh6QGcGDJQEoUHNDS2VyqgVZtN5vHzML50SnjV+xUcbQoP19jzt6wmRqlUJchhEd3ux; Expires=Fri, 23 Apr 2021 14:30:29 GMT; Path=\/; SameSite=None; Secure","www-authenticate":"Basic realm=\"vpos-api\""}
response: "{\"type\":\"process_error\",\"message\":\"The request could not be processed\",\"reference\":\"017de3c5\",\"failureCode\":\"bad_credentials\"}"
2021-04-16T14:30:42+00:00 ERROR CCV Online Payments api request error
method: "get"
endpoint: "api\/v1\/method"
parameters: []
statusCode: 401
requestHeaders: {"Request-Line":"GET \/api\/v1\/method HTTP\/2","Host":"redirect.jforce.be","authorization":"Basic Og==","user-agent":"PHP-Curl-Class\/8.9.0 (+https:\/\/github.com\/php-curl-class\/php-curl-class) PHP\/7.2.28 curl\/7.67.0","accept":"*\/*"}
responseHeaders: {"Status-Line":"HTTP\/2 401 ","date":"Fri, 16 Apr 2021 14:30:43 GMT","content-type":"application\/json;charset=UTF-8","content-length":"126","set-cookie":"AWSALB=KG9KjHk\/GhfipvkH0LnLzYMv0esw873YT2fPrr5sJz8Psktq0NvMtK3CEJOb6ZWVCOQ2ijXXPO2W8M9SaicxNGevp5ZFBPHy0FId9aBUPHmp5CsdCBTLp+RM2ghH; Expires=Fri, 23 Apr 2021 14:30:43 GMT; Path=\/,AWSALBCORS=KG9KjHk\/GhfipvkH0LnLzYMv0esw873YT2fPrr5sJz8Psktq0NvMtK3CEJOb6ZWVCOQ2ijXXPO2W8M9SaicxNGevp5ZFBPHy0FId9aBUPHmp5CsdCBTLp+RM2ghH; Expires=Fri, 23 Apr 2021 14:30:43 GMT; Path=\/; SameSite=None; Secure","www-authenticate":"Basic realm=\"vpos-api\""}
response: "{\"type\":\"process_error\",\"message\":\"The request could not be processed\",\"reference\":\"91757a85\",\"failureCode\":\"bad_credentials\"}"
2021-04-16T14:30:42+00:00 ERROR CCV Online Payments api request error
method: "get"
endpoint: "api\/v1\/method"
parameters: []
statusCode: 401
requestHeaders: {"Request-Line":"GET \/api\/v1\/method HTTP\/2","Host":"redirect.jforce.be","authorization":"Basic Og==","user-agent":"PHP-Curl-Class\/8.9.0 (+https:\/\/github.com\/php-curl-class\/php-curl-class) PHP\/7.2.28 curl\/7.67.0","accept":"*\/*"}
responseHeaders: {"Status-Line":"HTTP\/2 401 ","date":"Fri, 16 Apr 2021 14:30:43 GMT","content-type":"application\/json;charset=UTF-8","content-length":"126","set-cookie":"AWSALB=jBMCSWDvkwjBCkJGJQ5gvNRU0nGK3mK+FKFfYhu8dibmJblACSkFQlYoOWE\/PLwzFnnlx5OyxNmebK6ICIJ8yE2F1Xx+Adqvm5yzLc5EzgVfaiSqRAO6EUZ+kerW; Expires=Fri, 23 Apr 2021 14:30:43 GMT; Path=\/,AWSALBCORS=jBMCSWDvkwjBCkJGJQ5gvNRU0nGK3mK+FKFfYhu8dibmJblACSkFQlYoOWE\/PLwzFnnlx5OyxNmebK6ICIJ8yE2F1Xx+Adqvm5yzLc5EzgVfaiSqRAO6EUZ+kerW; Expires=Fri, 23 Apr 2021 14:30:43 GMT; Path=\/; SameSite=None; Secure","www-authenticate":"Basic realm=\"vpos-api\""}
response: "{\"type\":\"process_error\",\"message\":\"The request could not be processed\",\"reference\":\"162bea72\",\"failureCode\":\"bad_credentials\"}"
2021-04-16T14:30:43+00:00 ERROR CCV Online Payments api request error
method: "get"
endpoint: "api\/v1\/method"
parameters: []
statusCode: 401
requestHeaders: {"Request-Line":"GET \/api\/v1\/method HTTP\/2","Host":"redirect.jforce.be","authorization":"Basic Og==","user-agent":"PHP-Curl-Class\/8.9.0 (+https:\/\/github.com\/php-curl-class\/php-curl-class) PHP\/7.2.28 curl\/7.67.0","accept":"*\/*"}
responseHeaders: {"Status-Line":"HTTP\/2 401 ","date":"Fri, 16 Apr 2021 14:30:43 GMT","content-type":"application\/json;charset=UTF-8","content-length":"126","set-cookie":"AWSALB=ebECHTvU09pWSDaWhu5rluFtJC+Mbr6A3p9pm5gk\/gargj7Mgii90jgvMtiWZpAviXBf346bUN\/z0Tjk3D2M9RKqXeezSDM5QZDs3eV4\/ugZT4YZ49FSDbITQSCx; Expires=Fri, 23 Apr 2021 14:30:43 GMT; Path=\/,AWSALBCORS=ebECHTvU09pWSDaWhu5rluFtJC+Mbr6A3p9pm5gk\/gargj7Mgii90jgvMtiWZpAviXBf346bUN\/z0Tjk3D2M9RKqXeezSDM5QZDs3eV4\/ugZT4YZ49FSDbITQSCx; Expires=Fri, 23 Apr 2021 14:30:43 GMT; Path=\/; SameSite=None; Secure","www-authenticate":"Basic realm=\"vpos-api\""}
response: "{\"type\":\"process_error\",\"message\":\"The request could not be processed\",\"reference\":\"4fef8250\",\"failureCode\":\"bad_credentials\"}"
2021-04-16T14:30:49+00:00 ERROR CCV Online Payments api request error
method: "get"
endpoint: "api\/v1\/method"
parameters: []
statusCode: 401
requestHeaders: {"Request-Line":"GET \/api\/v1\/method HTTP\/2","Host":"redirect.jforce.be","authorization":"Basic Og==","user-agent":"PHP-Curl-Class\/8.9.0 (+https:\/\/github.com\/php-curl-class\/php-curl-class) PHP\/7.2.28 curl\/7.67.0","accept":"*\/*"}
responseHeaders: {"Status-Line":"HTTP\/2 401 ","date":"Fri, 16 Apr 2021 14:30:49 GMT","content-type":"application\/json;charset=UTF-8","content-length":"126","set-cookie":"AWSALB=HJVsuP9e00ViBFvWbwqrDRk6Px20FfsMIA+oxw5P9cXY+Zp5GSo44OxQnUErTxk3YvFdE93XmQ0i9xWx+Yas9CGDjax4iytZ8i6AIvZG7rGYq0cZ1m7GWe2bMaXp; Expires=Fri, 23 Apr 2021 14:30:49 GMT; Path=\/,AWSALBCORS=HJVsuP9e00ViBFvWbwqrDRk6Px20FfsMIA+oxw5P9cXY+Zp5GSo44OxQnUErTxk3YvFdE93XmQ0i9xWx+Yas9CGDjax4iytZ8i6AIvZG7rGYq0cZ1m7GWe2bMaXp; Expires=Fri, 23 Apr 2021 14:30:49 GMT; Path=\/; SameSite=None; Secure","www-authenticate":"Basic realm=\"vpos-api\""}
response: "{\"type\":\"process_error\",\"message\":\"The request could not be processed\",\"reference\":\"d62a75fb\",\"failureCode\":\"bad_credentials\"}"
2021-04-16T14:30:57+00:00 ERROR CCV Online Payments api request error
method: "get"
endpoint: "api\/v1\/method"
parameters: []
statusCode: 401
requestHeaders: {"Request-Line":"GET \/api\/v1\/method HTTP\/2","Host":"redirect.jforce.be","authorization":"Basic Og==","user-agent":"PHP-Curl-Class\/8.9.0 (+https:\/\/github.com\/php-curl-class\/php-curl-class) PHP\/7.2.28 curl\/7.67.0","accept":"*\/*"}
responseHeaders: {"Status-Line":"HTTP\/2 401 ","date":"Fri, 16 Apr 2021 14:30:58 GMT","content-type":"application\/json;charset=UTF-8","content-length":"126","set-cookie":"AWSALB=LUkvo3m9BiZSIieAm6kzBnDi56pl3mhiavrQ8deexi7ECG01oe3n+gn\/YE77hsSLf0BMXy7ekf8NXzyQbrb9cHuLlQDCAg1bwTurghoyeL131bXxh0blDqQMJJeE; Expires=Fri, 23 Apr 2021 14:30:58 GMT; Path=\/,AWSALBCORS=LUkvo3m9BiZSIieAm6kzBnDi56pl3mhiavrQ8deexi7ECG01oe3n+gn\/YE77hsSLf0BMXy7ekf8NXzyQbrb9cHuLlQDCAg1bwTurghoyeL131bXxh0blDqQMJJeE; Expires=Fri, 23 Apr 2021 14:30:58 GMT; Path=\/; SameSite=None; Secure","www-authenticate":"Basic realm=\"vpos-api\""}
response: "{\"type\":\"process_error\",\"message\":\"The request could not be processed\",\"reference\":\"efc9601b\",\"failureCode\":\"bad_credentials\"}"
2021-04-16T14:30:58+00:00 ERROR CCV Online Payments api request error
method: "get"
endpoint: "api\/v1\/method"
parameters: []
statusCode: 401
requestHeaders: {"Request-Line":"GET \/api\/v1\/method HTTP\/2","Host":"redirect.jforce.be","authorization":"Basic Og==","user-agent":"PHP-Curl-Class\/8.9.0 (+https:\/\/github.com\/php-curl-class\/php-curl-class) PHP\/7.2.28 curl\/7.67.0","accept":"*\/*"}
responseHeaders: {"Status-Line":"HTTP\/2 401 ","date":"Fri, 16 Apr 2021 14:30:59 GMT","content-type":"application\/json;charset=UTF-8","content-length":"126","set-cookie":"AWSALB=9UOVSFnaEp8akldLWEalSs0PpdpIDrI9VdvDzoex6q\/8bpK4tWi\/5DZq0JCXsIXNqve5Lg3a3Haoxl8GMf9vEttjierNSFNn51u1GvL3bIDJXwM+IX\/A99Hr64d0; Expires=Fri, 23 Apr 2021 14:30:59 GMT; Path=\/,AWSALBCORS=9UOVSFnaEp8akldLWEalSs0PpdpIDrI9VdvDzoex6q\/8bpK4tWi\/5DZq0JCXsIXNqve5Lg3a3Haoxl8GMf9vEttjierNSFNn51u1GvL3bIDJXwM+IX\/A99Hr64d0; Expires=Fri, 23 Apr 2021 14:30:59 GMT; Path=\/; SameSite=None; Secure","www-authenticate":"Basic realm=\"vpos-api\""}
response: "{\"type\":\"process_error\",\"message\":\"The request could not be processed\",\"reference\":\"f891b381\",\"failureCode\":\"bad_credentials\"}"
2021-04-16T14:31:00+00:00 ERROR CCV Online Payments api request error
method: "get"
endpoint: "api\/v1\/method"
parameters: []
statusCode: 401
requestHeaders: {"Request-Line":"GET \/api\/v1\/method HTTP\/2","Host":"redirect.jforce.be","authorization":"Basic Og==","user-agent":"PHP-Curl-Class\/8.9.0 (+https:\/\/github.com\/php-curl-class\/php-curl-class) PHP\/7.2.28 curl\/7.67.0","accept":"*\/*"}
responseHeaders: {"Status-Line":"HTTP\/2 401 ","date":"Fri, 16 Apr 2021 14:31:01 GMT","content-type":"application\/json;charset=UTF-8","content-length":"126","set-cookie":"AWSALB=MGBSWtAWWaOkUCRtURHJYCgJy3PD\/z8ipJrY52vjWh5Kb4\/pa3yeJtpZct4wOkR8N5u+MkfvHpiETz47SmFsc6mZSlnsyvgWkXd0DSW77q6oyKHs7lrRmUvo8OcV; Expires=Fri, 23 Apr 2021 14:31:01 GMT; Path=\/,AWSALBCORS=MGBSWtAWWaOkUCRtURHJYCgJy3PD\/z8ipJrY52vjWh5Kb4\/pa3yeJtpZct4wOkR8N5u+MkfvHpiETz47SmFsc6mZSlnsyvgWkXd0DSW77q6oyKHs7lrRmUvo8OcV; Expires=Fri, 23 Apr 2021 14:31:01 GMT; Path=\/; SameSite=None; Secure","www-authenticate":"Basic realm=\"vpos-api\""}
response: "{\"type\":\"process_error\",\"message\":\"The request could not be processed\",\"reference\":\"d120ce51\",\"failureCode\":\"bad_credentials\"}"
2021-04-16T14:37:14+00:00 ERROR CCV Online Payments api request error
method: "get"
endpoint: "api\/v1\/method"
parameters: []
statusCode: 401
requestHeaders: {"Request-Line":"GET \/api\/v1\/method HTTP\/2","Host":"redirect.jforce.be","authorization":"Basic Og==","user-agent":"PHP-Curl-Class\/8.9.0 (+https:\/\/github.com\/php-curl-class\/php-curl-class) PHP\/7.2.28 curl\/7.67.0","accept":"*\/*"}
responseHeaders: {"Status-Line":"HTTP\/2 401 ","date":"Fri, 16 Apr 2021 14:37:14 GMT","content-type":"application\/json;charset=UTF-8","content-length":"126","set-cookie":"AWSALB=D5GtndDtwJZ85CSQfSVGaX3hF3\/8wHM6si8Fo1CZmRs3V0U2NSqSEYNpFxcyNJg29syiy146uZ+FYWjUrBHVT2w4OZyfapyoG\/tEDjLNvNNrpJSrptC8oeBNXuLO; Expires=Fri, 23 Apr 2021 14:37:14 GMT; Path=\/,AWSALBCORS=D5GtndDtwJZ85CSQfSVGaX3hF3\/8wHM6si8Fo1CZmRs3V0U2NSqSEYNpFxcyNJg29syiy146uZ+FYWjUrBHVT2w4OZyfapyoG\/tEDjLNvNNrpJSrptC8oeBNXuLO; Expires=Fri, 23 Apr 2021 14:37:14 GMT; Path=\/; SameSite=None; Secure","www-authenticate":"Basic realm=\"vpos-api\""}
response: "{\"type\":\"process_error\",\"message\":\"The request could not be processed\",\"reference\":\"56f80998\",\"failureCode\":\"bad_credentials\"}"
2021-04-16T14:37:48+00:00 ERROR CCV Online Payments api request error
method: "get"
endpoint: "api\/v1\/method"
parameters: []
statusCode: 401
requestHeaders: {"Request-Line":"GET \/api\/v1\/method HTTP\/2","Host":"redirect.jforce.be","authorization":"Basic Og==","user-agent":"PHP-Curl-Class\/8.9.0 (+https:\/\/github.com\/php-curl-class\/php-curl-class) PHP\/7.2.28 curl\/7.67.0","accept":"*\/*"}
responseHeaders: {"Status-Line":"HTTP\/2 401 ","date":"Fri, 16 Apr 2021 14:37:48 GMT","content-type":"application\/json;charset=UTF-8","content-length":"126","set-cookie":"AWSALB=k5OD6sjjQzdNyWX6fm5F7OGIioJS8ex0s1d+mxCNFJLkS2jy\/ZkLppcrYEZ8KUM+y\/zrx2SpnEtVPVTvaNr7Y55XjvYJoo1SEFWqx+hwQjcCOsc2EewKAMDqD+Mr; Expires=Fri, 23 Apr 2021 14:37:48 GMT; Path=\/,AWSALBCORS=k5OD6sjjQzdNyWX6fm5F7OGIioJS8ex0s1d+mxCNFJLkS2jy\/ZkLppcrYEZ8KUM+y\/zrx2SpnEtVPVTvaNr7Y55XjvYJoo1SEFWqx+hwQjcCOsc2EewKAMDqD+Mr; Expires=Fri, 23 Apr 2021 14:37:48 GMT; Path=\/; SameSite=None; Secure","www-authenticate":"Basic realm=\"vpos-api\""}
response: "{\"type\":\"process_error\",\"message\":\"The request could not be processed\",\"reference\":\"1e44cf7d\",\"failureCode\":\"bad_credentials\"}"
2021-04-16T14:37:55+00:00 ERROR CCV Online Payments api request error
method: "get"
endpoint: "api\/v1\/method"
parameters: []
statusCode: 401
requestHeaders: {"Request-Line":"GET \/api\/v1\/method HTTP\/2","Host":"redirect.jforce.be","authorization":"Basic Og==","user-agent":"PHP-Curl-Class\/8.9.0 (+https:\/\/github.com\/php-curl-class\/php-curl-class) PHP\/7.2.28 curl\/7.67.0","accept":"*\/*"}
responseHeaders: {"Status-Line":"HTTP\/2 401 ","date":"Fri, 16 Apr 2021 14:37:55 GMT","content-type":"application\/json;charset=UTF-8","content-length":"126","set-cookie":"AWSALB=JGZoiqGHBzlZZpqnzqgCiqRRaF8rWdYLR7EWG4MpKOGto\/auKDNjGEPTYVKuAQZC38KAGbkz56m+AVp2ZdkK9pTGRWt4Mp6CIAmb\/YPlkPsUypUTjIRFebH+kvpl; Expires=Fri, 23 Apr 2021 14:37:55 GMT; Path=\/,AWSALBCORS=JGZoiqGHBzlZZpqnzqgCiqRRaF8rWdYLR7EWG4MpKOGto\/auKDNjGEPTYVKuAQZC38KAGbkz56m+AVp2ZdkK9pTGRWt4Mp6CIAmb\/YPlkPsUypUTjIRFebH+kvpl; Expires=Fri, 23 Apr 2021 14:37:55 GMT; Path=\/; SameSite=None; Secure","www-authenticate":"Basic realm=\"vpos-api\""}
response: "{\"type\":\"process_error\",\"message\":\"The request could not be processed\",\"reference\":\"e32ad0c0\",\"failureCode\":\"bad_credentials\"}"
2021-04-16T14:37:55+00:00 ERROR CCV Online Payments api request error
method: "get"
endpoint: "api\/v1\/method"
parameters: []
statusCode: 401
requestHeaders: {"Request-Line":"GET \/api\/v1\/method HTTP\/2","Host":"redirect.jforce.be","authorization":"Basic Og==","user-agent":"PHP-Curl-Class\/8.9.0 (+https:\/\/github.com\/php-curl-class\/php-curl-class) PHP\/7.2.28 curl\/7.67.0","accept":"*\/*"}
responseHeaders: {"Status-Line":"HTTP\/2 401 ","date":"Fri, 16 Apr 2021 14:37:56 GMT","content-type":"application\/json;charset=UTF-8","content-length":"126","set-cookie":"AWSALB=WjL+E\/Bg7I6uQ2XrsaK7T5m0MN1f94DuEKv1TpkQ7w\/2NlyA6psMMG8vFDdToaVwLbyIQsZkeYBdjeSJHE8hPXRFxWUlyRQznKexXlUd50Ds7wHvklpubMDbqC7D; Expires=Fri, 23 Apr 2021 14:37:56 GMT; Path=\/,AWSALBCORS=WjL+E\/Bg7I6uQ2XrsaK7T5m0MN1f94DuEKv1TpkQ7w\/2NlyA6psMMG8vFDdToaVwLbyIQsZkeYBdjeSJHE8hPXRFxWUlyRQznKexXlUd50Ds7wHvklpubMDbqC7D; Expires=Fri, 23 Apr 2021 14:37:56 GMT; Path=\/; SameSite=None; Secure","www-authenticate":"Basic realm=\"vpos-api\""}
response: "{\"type\":\"process_error\",\"message\":\"The request could not be processed\",\"reference\":\"fb9a23d3\",\"failureCode\":\"bad_credentials\"}"
2021-04-16T14:37:56+00:00 ERROR CCV Online Payments api request error
method: "get"
endpoint: "api\/v1\/method"
parameters: []
statusCode: 401
requestHeaders: {"Request-Line":"GET \/api\/v1\/method HTTP\/2","Host":"redirect.jforce.be","authorization":"Basic Og==","user-agent":"PHP-Curl-Class\/8.9.0 (+https:\/\/github.com\/php-curl-class\/php-curl-class) PHP\/7.2.28 curl\/7.67.0","accept":"*\/*"}
responseHeaders: {"Status-Line":"HTTP\/2 401 ","date":"Fri, 16 Apr 2021 14:37:56 GMT","content-type":"application\/json;charset=UTF-8","content-length":"126","set-cookie":"AWSALB=lapg\/F3Wxt1SPdfxKepWZXX8M2Jv9CAz+jPD+2tp9q6Szx9wCHi\/GUOleshPZnYLwuptG0Qw00lq8gVX5t0nhdKu6N5xS46Y\/sIfGHJgAXVhGc6ovw3WKY4SSK9N; Expires=Fri, 23 Apr 2021 14:37:56 GMT; Path=\/,AWSALBCORS=lapg\/F3Wxt1SPdfxKepWZXX8M2Jv9CAz+jPD+2tp9q6Szx9wCHi\/GUOleshPZnYLwuptG0Qw00lq8gVX5t0nhdKu6N5xS46Y\/sIfGHJgAXVhGc6ovw3WKY4SSK9N; Expires=Fri, 23 Apr 2021 14:37:56 GMT; Path=\/; SameSite=None; Secure","www-authenticate":"Basic realm=\"vpos-api\""}
response: "{\"type\":\"process_error\",\"message\":\"The request could not be processed\",\"reference\":\"14012d55\",\"failureCode\":\"bad_credentials\"}"
